\BOOKMARK [1][-]{section.1}{Samenvatting}{}% 1
\BOOKMARK [1][-]{section.2}{Versiehistorie}{}% 2
\BOOKMARK [1][-]{section.3}{Introductie}{}% 3
\BOOKMARK [2][-]{subsection.3.1}{Het vak}{section.3}% 4
\BOOKMARK [2][-]{subsection.3.2}{Introductie DSP}{section.3}% 5
\BOOKMARK [2][-]{subsection.3.3}{Digitale filter}{section.3}% 6
\BOOKMARK [2][-]{subsection.3.4}{De opdracht}{section.3}% 7
\BOOKMARK [1][-]{section.4}{Ontwerp en realisatie FIR filter}{}% 8
\BOOKMARK [2][-]{subsection.4.1}{Requirements FIR filter}{section.4}% 9
\BOOKMARK [2][-]{subsection.4.2}{Coefficienten bepalen}{section.4}% 10
\BOOKMARK [2][-]{subsection.4.3}{Matlab}{section.4}% 11
\BOOKMARK [2][-]{subsection.4.4}{Code}{section.4}% 12
\BOOKMARK [2][-]{subsection.4.5}{Het resultaat}{section.4}% 13
\BOOKMARK [1][-]{section.5}{Ontwerp en realisatie IIR filter}{}% 14
\BOOKMARK [2][-]{subsection.5.1}{Requirements IIR filter}{section.5}% 15
\BOOKMARK [2][-]{subsection.5.2}{Coefficienten bepalen}{section.5}% 16
\BOOKMARK [2][-]{subsection.5.3}{Matlab}{section.5}% 17
\BOOKMARK [2][-]{subsection.5.4}{Code}{section.5}% 18
\BOOKMARK [2][-]{subsection.5.5}{Het resultaat}{section.5}% 19
\BOOKMARK [1][-]{section.6}{optimizatie}{}% 20
\BOOKMARK [1][-]{section.7}{Conclusie en aanbevelingen}{}% 21
\BOOKMARK [2][-]{subsection.7.1}{Show charts and tables of your filter design generated by MATLAB.}{section.7}% 22
\BOOKMARK [2][-]{subsection.7.2}{De \(ongeoptimalizeerde\) code}{section.7}% 23
\BOOKMARK [3][-]{subsubsection.7.2.1}{de main code.}{subsection.7.2}% 24
\BOOKMARK [3][-]{subsubsection.7.2.2}{De header van de fir buffer}{subsection.7.2}% 25
\BOOKMARK [3][-]{subsubsection.7.2.3}{Code van de fir buffer}{subsection.7.2}% 26
\BOOKMARK [2][-]{subsection.7.3}{Het resultaat}{section.7}% 27
\BOOKMARK [1][-]{section.8}{Ontwerp en realisatie IIR filter}{}% 28
\BOOKMARK [2][-]{subsection.8.1}{What where the requirements for this filter?}{section.8}% 29
\BOOKMARK [2][-]{subsection.8.2}{How are the coefficients determined?}{section.8}% 30
\BOOKMARK [2][-]{subsection.8.3}{Show charts and tables of your filter design generated by MATLAB.}{section.8}% 31
\BOOKMARK [2][-]{subsection.8.4}{De \(ongeoptimalizeerde\) code}{section.8}% 32
\BOOKMARK [3][-]{subsubsection.8.4.1}{de main code.}{subsection.8.4}% 33
\BOOKMARK [3][-]{subsubsection.8.4.2}{IIR buffer header}{subsection.8.4}% 34
\BOOKMARK [3][-]{subsubsection.8.4.3}{IIR buffer source}{subsection.8.4}% 35
\BOOKMARK [3][-]{subsubsection.8.4.4}{IIR coefficients}{subsection.8.4}% 36
\BOOKMARK [1][-]{section.9}{optimizatie}{}% 37
\BOOKMARK [1][-]{section.10}{Conclusie en aanbevelingen}{}% 38
